<?xml version="1.0" encoding="UTF-8"?>
<!-- Generated by org.testng.reporters.JUnitXMLReporter -->
<testsuite ignored="0" hostname="TUSHAR" failures="0" tests="4" name="Test" time="0.287" errors="0" timestamp="2025-04-28T14:15:40 IST">
  <testcase classname="sample.Demo3" name="add" time="0.054"/>
  <testcase classname="sample.Demo3" name="sub" time="0.004"/>
  <testcase classname="sample.Demo4" name="div" time="0.003"/>
  <testcase classname="sample.Demo4" name="multi" time="0.006"/>
</testsuite> <!-- Test -->
